11:47:10    504 --> ...                  [tcl] ucliGUI::start /home/wjdgns3758/CXL_FIFO_202309/100kSV/FIFO/Wider_FIFO/simv -ucligui -lca
11:47:10    505 --> ...                      [tcl] set ucliGUI::state
11:47:11    506 --> ...                          [tcl] gui_update_simulator_buttons
11:47:11    507 --> ...                              [tcl] set ucliGUI::state
11:47:11    508 --> ...                                  [tcl] ucliCore::getToolPID
11:47:11    509 --> ...                                      [tcl] synopsys::env hasTB
11:47:11    510 --> ...                                          [tcl] trigger_hier_stack_context_switch 0
11:47:11    511 --> ...                                              [tcl] synopsys::xml set_array_limit <data limit="50" />
11:47:11    512 --> ...                                                  [tcl] synopsys::xml set_depth_limit <data limit="100" />
11:47:12    513 --> ...                                                      [tcl] synopsys::xml set_string_limit <data limit="1000" />
11:47:12    514 --> ...                                                          [tcl] synopsys::xml set_only_active_frame <data value="1" />
11:47:12    515 --> ...                                                              [tcl] synopsys::xml set_variable_frame_id <data value="1" />
11:47:12    516 --> ...                                                                  [tcl] synUtils::setDVEInitPhase 1
11:47:12    517 --> ...                                                                      [tcl] gui_get_env SIMSETUP::SIMVPD
11:47:12    518 --> ...                                                                          [tcl] synopsys::dump -type VPD -file /home/wjdgns3758/CXL_FIFO_202309/100kSV/FIFO/Wider_FIFO/inter.vpd -locking
11:47:12    519 --> ...                                                                              [tcl] synopsys::dump -autoflush on -fid VPD3
11:47:12    520 --> ...                                                                                  [tcl] set ::dve_fid VPD3
11:47:12    521 --> ...                                                                                      [tcl] synUtils::setDVEInitPhase 0
11:47:12    522 --> ...                                                                                          [tcl] ucliCore::getToolPID
11:47:12    523 --> ...                                                                                              [tcl] synUtils::sendTool -active _icl_setToolSocket /tmp/smlnpa8moYu
11:47:12    524 --> ...                                                                                                  [tcl] synUtils::sendTool -active {_icl_start_rpc -version "N-2017.12-SP2_Full64" -sync_file /tmp/vcs_dve_rpc.wjdgns3758.80136}
11:47:12    525 --> ...  [tcl] synUtils::sendTool -active {_icl_createSharedMemory /tmp/vcs_dve_general.wjdgns3758.80136}
11:47:12    526 --> ...      [tcl] config endofsim noexit
11:47:12    527 --> ...          [tcl] config onfail enable all
11:47:12    528 --> ...              [tcl] config syscaddplainmembers
11:47:12    529 --> ...                  [tcl] config syscaddsourcenames
11:47:12    530 --> ...                      [tcl] config syscaddstructtypes
11:47:12    531 --> ...                          [tcl] synopsys::listing -disable
11:47:12    532 --> ...                              [tcl] # Begin_DVE_Session_Save_Info
11:47:12    533 --> ...                                  [tcl] # DVE restart session
11:47:12    534 --> ...                                      [tcl] # Saved on Tue Sep 26 11:47:10 2023
11:47:12    535 --> ...                                          [tcl] # Designs open: 1
11:47:12    536 --> ...                                              [tcl] #   Sim: /home/wjdgns3758/CXL_FIFO_202309/100kSV/FIFO/Wider_FIFO/simv
11:47:12    537 --> ...                                                  [tcl] # Toplevel windows open: 2
11:47:12    538 --> ...                                                      [tcl] # 	TopLevel.1
11:47:12    539 --> ...                                                          [tcl] # 	TopLevel.2
11:47:12    540 --> ...                                                              [tcl] #   Source.1: FIFO_TB
11:47:12    541 --> ...                                                                  [tcl] #   Wave.1: 21 signals
11:47:12    542 --> ...                                                                      [tcl] #   Group count = 1
11:47:12    543 --> ...                                                                          [tcl] #   Group dut signal count = 21
11:47:12    544 --> ...                                                                              [tcl] # End_DVE_Session_Save_Info
11:47:12    545 --> ...                                                                                  [tcl] # DVE version: N-2017.12-SP2_Full64
11:47:12    546 --> ...                                                                                      [tcl] # DVE build date: Jun  5 2018 21:29:11
11:47:12    547 --> ...                                                                                          [tcl] #<Session mode="Restart" path=".restartSimSession.tcl" type="Debug">
11:47:12    548 --> ...                                                                                              [tcl] gui_set_loading_session_type Restart
11:47:12    549 --> ...                                                                                                  [tcl] gui_continuetime_set
11:47:12    550 --> ...  [tcl] gui_clear_window -type Wave
11:47:12    551 --> ...      [tcl] gui_clear_window -type List
11:47:12    552 --> ...          [tcl] # Application preferences
11:47:12    553 --> ...              [tcl] gui_set_pref_value -key app_default_font -value {Helvetica,10,-1,5,50,0,0,0,0,0}
11:47:12    554 --> ...                  [tcl] gui_src_preferences -tabstop 8 -maxbits 24 -windownumber 1
11:47:12    555 --> ...                      [tcl] #<WindowLayout>
11:47:12    556 --> ...                          [tcl] # DVE top-level session
11:47:12    557 --> ...                              [tcl] # Create and position top-level window: TopLevel.1
11:47:12    558 --> ...                                  [tcl] set TopLevel.1 TopLevel.1
11:47:12    559 --> ...                                      [tcl] # Docked window settings
11:47:12    560 --> ...                                          [tcl] set HSPane.1 HSPane.1
11:47:12    561 --> ...                                              [tcl] set Hier.1 Hier.1
11:47:12    562 --> ...                                                  [tcl] set Stack.1 Stack.1
11:47:12    563 --> ...                                                      [tcl] set Class.1 Class.1
11:47:12    564 --> ...                                                          [tcl] set Object.1 Object.1
11:47:12    565 --> ...                                                              [tcl] set DLPane.1 DLPane.1
11:47:12    566 --> ...                                                                  [tcl] set Data.1 Data.1
11:47:12    567 --> ...                                                                      [tcl] set Local.1 Local.1
11:47:12    568 --> ...                                                                          [tcl] set Member.1 Member.1
11:47:12    569 --> ...                                                                              [tcl] set Console.1 Console.1
11:47:12    570 --> ...                                                                                  [tcl] gui_sync_global -id ${TopLevel.1} -option true
11:47:12    571 --> ...                                                                                      [tcl] # MDI window settings
11:47:12    572 --> ...                                                                                          [tcl] set Source.1 Source.1
11:47:12    573 --> ...                                                                                              [tcl] gui_update_layout -id ${Source.1} {{show_state maximized} {dock_state undocked} {dock_on_new_line false}}
11:47:12    574 --> ...                                                                                                  [tcl] # End MDI window settings
11:47:12    575 --> ...  [tcl] # Create and position top-level window: TopLevel.2
11:47:12    576 --> ...      [tcl] set TopLevel.2 TopLevel.2
11:47:12    577 --> ...          [tcl] # Docked window settings
11:47:12    578 --> ...              [tcl] gui_sync_global -id ${TopLevel.2} -option true
11:47:12    579 --> ...                  [tcl] # MDI window settings
11:47:12    580 --> ...                      [tcl] set Wave.1 Wave.1
11:47:12    581 --> ...                          [tcl] gui_update_layout -id ${Wave.1} {{show_state maximized} {dock_state undocked} {dock_on_new_line false} {child_wave_left 557} {child_wave_right 1357} {child_wave_colname 306} {child_wave_colvalue 247} {child_wave_col1 0} {child_wave_col2 1}}
11:47:12    582 --> ...                              [tcl] # End MDI window settings
11:47:12    583 --> ...                                  [tcl] #</WindowLayout>
11:47:12    584 --> ...                                      [tcl] #<Database>
11:47:12    585 --> ...                                          [tcl] gui_set_precision 10ps
11:47:12    586 --> ...                                              [tcl] gui_set_time_units 10ps
11:47:12    587 --> ...                                                  [tcl] #</Database>
11:47:12    588 --> ...                                                      [tcl] # DVE Global setting session:
11:47:12    589 --> ...                                                          [tcl] # Global: Breakpoints
11:47:12    590 --> ...                                                              [tcl] # Global: Bus
11:47:12    591 --> ...                                                                  [tcl] # Global: Expressions
11:47:12    592 --> ...                                                                      [tcl] # Global: Signal Time Shift
11:47:12    593 --> ...                                                                          [tcl] # Global: Signal Compare
11:47:12    594 --> ...                                                                              [tcl] # Global: Signal Groups
11:47:12    595 --> ...                                                                                  [tcl] gui_load_child_values {FIFO_TB.dut}
11:47:12    596 --> ...                                                                                      [tcl] synopsys::dump -add {FIFO_TB.dut} -scope "." -depth 1 -fid VPD3
11:47:12    597 --> ...                                                                                          [tcl] set _session_group_3 dut
11:47:12    598 --> ...                                                                                              [tcl] gui_sg_create "$_session_group_3"
11:47:12    599 --> ...                                                                                                  [tcl] set dut "$_session_group_3"
11:47:12    600 --> ...  [tcl] gui_sg_addsignal -group "$_session_group_3" { FIFO_TB.dut.wren_i FIFO_TB.dut.full_n FIFO_TB.dut.empty_n FIFO_TB.dut.full_o FIFO_TB.dut.RST_MEM FIFO_TB.dut.empty_o FIFO_TB.dut.FIFO_DEPTH FIFO_TB.dut.rdata_o FIFO_TB.dut.rdptr_n FIFO_TB.dut.wrptr FIFO_TB.dut.empty FIFO_TB.dut.rdptr FIFO_TB.dut.DATA_WIDTH FIFO_TB.dut.wdata_i FIFO_TB.dut.full FIFO_TB.dut.clk FIFO_TB.dut.DEPTH_LG2 FIFO_TB.dut.rden_i FIFO_TB.dut.rst_n FIFO_TB.dut.wrptr_n FIFO_TB.dut.mem }
11:47:12    601 --> ...      [tcl] gui_set_radix -radix {decimal} -signals {Sim:FIFO_TB.dut.RST_MEM}
11:47:12    602 --> ...          [tcl] gui_set_radix -radix {twosComplement} -signals {Sim:FIFO_TB.dut.RST_MEM}
11:47:12    603 --> ...              [tcl] gui_set_radix -radix {decimal} -signals {Sim:FIFO_TB.dut.FIFO_DEPTH}
11:47:12    604 --> ...                  [tcl] gui_set_radix -radix {twosComplement} -signals {Sim:FIFO_TB.dut.FIFO_DEPTH}
11:47:12    605 --> ...                      [tcl] gui_set_radix -radix {decimal} -signals {Sim:FIFO_TB.dut.DATA_WIDTH}
11:47:12    606 --> ...                          [tcl] gui_set_radix -radix {twosComplement} -signals {Sim:FIFO_TB.dut.DATA_WIDTH}
11:47:12    607 --> ...                              [tcl] gui_set_radix -radix {decimal} -signals {Sim:FIFO_TB.dut.DEPTH_LG2}
11:47:12    608 --> ...                                  [tcl] gui_set_radix -radix {twosComplement} -signals {Sim:FIFO_TB.dut.DEPTH_LG2}
11:47:12    609 --> ...                                      [tcl] # Global: Highlighting
11:47:12    610 --> ...                                          [tcl] # Global: Stack
11:47:12    611 --> ...                                              [tcl] gui_change_stack_mode -mode list
11:47:12    612 --> ...                                                  [tcl] # Post database loading setting...
11:47:12    613 --> ...                                                      [tcl] # Save global setting...
11:47:12    614 --> ...                                                          [tcl] # Wave/List view global setting
11:47:12    615 --> ...                                                              [tcl] gui_cov_show_value -switch false
11:47:12    616 --> ...                                                                  [tcl] # Close all empty TopLevel windows
11:47:12    617 --> ...                                                                      [tcl] foreach __top [gui_ekki_get_window_ids -type TopLevel] {     if { [llength [gui_ekki_get_window_ids -parent $__top]] == 0} {         gui_close_window -window $__top     } }
11:47:12    618 --> ...                                                                          [tcl] gui_set_loading_session_type noSession
11:47:12    619 --> ...                                                                              [tcl] # DVE View/pane content session:
11:47:12    620 --> ...                                                                                  [tcl] # Hier 'Hier.1'
11:47:12    621 --> ...                                                                                      [tcl] gui_show_window -window ${Hier.1}
11:47:12    622 --> ...                                                                                          [tcl] gui_list_set_filter -id ${Hier.1} -list { {Package 1} {All 0} {Process 1} {VirtPowSwitch 0} {UnnamedProcess 1} {UDP 0} {Function 1} {Block 1} {SrsnAndSpaCell 0} {OVA Unit 1} {LeafScCell 1} {LeafVlgCell 1} {Interface 1} {LeafVhdCell 1} {$unit 1} {NamedBlock 1} {Task 1} {VlgPackage 1} {ClassDef 1} {VirtIsoCell 0} }
11:47:12    623 --> ...                                                                                              [tcl] gui_list_set_filter -id ${Hier.1} -text {*}
11:47:12    624 --> ...                                                                                                  [tcl] gui_change_design -id ${Hier.1} -design Sim
11:47:12    625 --> ...  [tcl] catch {gui_list_expand -id ${Hier.1} FIFO_TB}
11:47:12    626 --> ...      [tcl] catch {gui_list_select -id ${Hier.1} {FIFO_TB.dut}}
11:47:12    627 --> ...          [tcl] dveMisc::vbusExpand FIFO_TB.dut
11:47:12    628 --> ...              [tcl] gui_view_scroll -id ${Hier.1} -vertical -set 0
11:47:12    629 --> ...                  [tcl] gui_view_scroll -id ${Hier.1} -horizontal -set 0
11:47:12    630 --> ...                      [tcl] # Class 'Class.1'
11:47:12    631 --> ...                          [tcl] gui_list_set_filter -id ${Class.1} -list { {OVM 1} {VMM 1} {All 1} {Object 1} {UVM 1} {RVM 1} }
11:47:12    632 --> ...                              [tcl] gui_list_set_filter -id ${Class.1} -text {*}
11:47:12    633 --> ...                                  [tcl] gui_change_design -id ${Class.1} -design Sim
11:47:12    634 --> ...                                      [tcl] # Member 'Member.1'
11:47:12    635 --> ...                                          [tcl] gui_list_set_filter -id ${Member.1} -list { {InternalMember 0} {RandMember 1} {All 0} {BaseMember 0} {PrivateMember 1} {LibBaseMember 0} {AutomaticMember 1} {VirtualMember 1} {PublicMember 1} {ProtectedMember 1} {OverRiddenMember 0} {InterfaceClassMember 1} {StaticMember 1} }
11:47:12    636 --> ...                                              [tcl] gui_list_set_filter -id ${Member.1} -text {*}
11:47:12    637 --> ...                                                  [tcl] # Data 'Data.1'
11:47:12    638 --> ...                                                      [tcl] gui_list_set_filter -id ${Data.1} -list { {Buffer 1} {Input 1} {Others 1} {Linkage 1} {Output 1} {LowPower 1} {Parameter 1} {All 1} {Aggregate 1} {LibBaseMember 1} {Event 1} {Assertion 1} {Constant 1} {Interface 1} {BaseMembers 1} {Signal 1} {$unit 1} {Inout 1} {Variable 1} }
11:47:12    639 --> ...                                                          [tcl] gui_list_set_filter -id ${Data.1} -text {*}
11:47:12    640 --> ...                                                              [tcl] gui_list_show_data -id ${Data.1} {FIFO_TB.dut}
11:47:12    641 --> ...                                                                  [tcl] gui_view_scroll -id ${Data.1} -vertical -set 0
11:47:12    642 --> ...                                                                      [tcl] gui_view_scroll -id ${Data.1} -horizontal -set 0
11:47:12    643 --> ...                                                                          [tcl] gui_view_scroll -id ${Hier.1} -vertical -set 0
11:47:12    644 --> ...                                                                              [tcl] gui_view_scroll -id ${Hier.1} -horizontal -set 0
11:47:12    645 --> ...                                                                                  [tcl] # Source 'Source.1'
11:47:12    646 --> ...                                                                                      [tcl] gui_src_value_annotate -id ${Source.1} -switch false
11:47:12    647 --> ...                                                                                          [tcl] gui_set_env TOGGLE::VALUEANNOTATE 0
11:47:12    648 --> ...                                                                                              [tcl] gui_open_source -id ${Source.1}  -replace -active FIFO_TB /home/wjdgns3758/CXL_FIFO_202309/100kSV/FIFO/Wider_FIFO/Wider_FIFO_TB.sv
11:47:12    649 --> ...                                                                                                  [tcl] gui_view_scroll -id ${Source.1} -vertical -set 1425
11:47:12    650 --> ...  [tcl] gui_src_set_reusable -id ${Source.1}
11:47:12    651 --> ...      [tcl] # Warning: Class view not found.
11:47:12    652 --> ...          [tcl] # View 'Wave.1'
11:47:12    653 --> ...              [tcl] gui_wv_sync -id ${Wave.1} -switch false
11:47:12    654 --> ...                  [tcl] set groupExD [gui_get_pref_value -category Wave -key exclusiveSG]
11:47:12    655 --> ...                      [tcl] gui_set_pref_value -category Wave -key exclusiveSG -value {false}
11:47:12    656 --> ...                          [tcl] set origWaveHeight [gui_get_pref_value -category Wave -key waveRowHeight]
11:47:12    657 --> ...                              [tcl] gui_list_set_height -id Wave -height 25
11:47:12    658 --> ...                                  [tcl] set origGroupCreationState [gui_list_create_group_when_add -wave]
11:47:12    659 --> ...                                      [tcl] gui_list_create_group_when_add -wave -disable
11:47:12    660 --> ...                                          [tcl] gui_wv_zoom_timerange -id ${Wave.1} 0 143872000
11:47:12    661 --> ...                                              [tcl] gui_list_add_group -id ${Wave.1} -after {New Group} {dut}
11:47:12    662 --> ...                                                  [tcl] synopsys::dump -add {FIFO_TB.dut.mem } -aggregates  -fid VPD3
11:47:12    663 --> ...                                                      [tcl] gui_seek_criteria -id ${Wave.1} {Any Edge}
11:47:12    664 --> ...                                                          [tcl] gui_set_env TOGGLE::DEFAULT_WAVE_WINDOW ${Wave.1}
11:47:12    665 --> ...                                                              [tcl] gui_set_pref_value -category Wave -key exclusiveSG -value $groupExD
11:47:12    666 --> ...                                                                  [tcl] gui_list_set_height -id Wave -height $origWaveHeight
11:47:12    667 --> ...                                                                      [tcl] if {$origGroupCreationState} { 	gui_list_create_group_when_add -wave -enable }
11:47:12    668 --> ...                                                                          [tcl] if { $groupExD } {  gui_msg_report -code DVWW028 }
11:47:12    669 --> ...                                                                              [tcl] gui_list_set_filter -id ${Wave.1} -list { {Buffer 1} {Input 1} {Others 1} {Linkage 1} {Output 1} {Parameter 1} {All 1} {Aggregate 1} {LibBaseMember 1} {Event 1} {Assertion 1} {Constant 1} {Interface 1} {BaseMembers 1} {Signal 1} {$unit 1} {Inout 1} {Variable 1} }
11:47:12    670 --> ...                                                                                  [tcl] gui_list_set_filter -id ${Wave.1} -text {*}
11:47:12    671 --> ...                                                                                      [tcl] gui_list_set_insertion_bar  -id ${Wave.1} -group dut  -position in
11:47:12    672 --> ...                                                                                          [tcl] gui_view_scroll -id ${Wave.1} -vertical -set 0
11:47:12    673 --> ...                                                                                              [tcl] gui_show_grid -id ${Wave.1} -enable false
11:47:12    674 --> ...                                                                                                  [tcl] # Restore toplevel window zorder
11:47:12    675 --> ...  [tcl] # The toplevel window could be closed if it has no view/pane
11:47:12    676 --> ...      [tcl] if {[gui_exist_window -window ${TopLevel.1}]} { 	gui_set_active_window -window ${TopLevel.1} 	gui_set_active_window -window ${Source.1} 	gui_set_active_window -window ${HSPane.1} }
11:47:12    677 --> ...          [tcl] if {[gui_exist_window -window ${TopLevel.2}]} { 	gui_set_active_window -window ${TopLevel.2} 	gui_set_active_window -window ${Wave.1} }
11:47:12    678 --> ...              [tcl] #</Session>
11:47:15    679 --> ...                  [tcl] ucliCore::getToolPID
11:47:17    680 --> ...                      [tcl] ucliCore::getToolPID
11:47:17    681 --> ...                          [tcl] ucliCore::getToolPID
11:47:18    682 --> ...                              [tcl] ucliCore::getToolPID
11:47:20    683 --> ...                                  [tcl] if [catch {gui_sim_terminate}] {gui_sim_terminate -kill}
11:47:20    684 --> ...                                      [tcl] synopsys::finish
11:47:20    685 --> ...                                          [tcl] set ucliGUI::state
11:47:20    686 --> ...                                              [tcl] gui_update_simulator_buttons
11:47:20    687 --> ...                                                  [tcl] set ucliGUI::state
11:47:20    688 --> ...                                                      [tcl] catch {senv activeDomain} dveMisc::result 
11:47:20    689 --> ...                                                          [tcl] set dveMisc::result
11:47:20    690 --> ...                                                              [tcl] gui_update_simulator_buttons
11:47:20    691 --> ...                                                                  [tcl] catch {senv activeDomain} dveMisc::result 
11:47:20    692 --> ...                                                                      [tcl] set dveMisc::result
11:47:20    693 --> ...                                                                          [tcl] ucli_exit
