# Preference setting overrides
gui_create_pref_key -category {Globals} -key {load_detail_for_funcov} -value_type {bool} -value {false}

# State setting overrides
gui_state_default_create -off -ini
gui_create_state_key -category FindDialog -key m_pMatchCase -value_type bool -value false
gui_create_state_key -category FindDialog -key m_pMatchWord -value_type bool -value false
gui_create_state_key -category FindDialog -key m_pUseCombo -value_type string -value {}
gui_create_state_key -category FindDialog -key m_pWrapAround -value_type bool -value true
gui_state_default_create -off

# Begin command logging
gui_set_pref_value -category {Globals} -key {smart_resize} -value {false}
gui_set_pref_value -category {Globals} -key {smart_resize} -value {true}
gui_sim_run Ucli -exe simv -args {-ucligui  -lca} -dir .
gui_list_expand -id Hier.1   FIFO_TB
gui_list_action -id  Hier.1 FIFO_TB
gui_list_select -id Hier.1 -current_item_name FIFO_TB -current_item_type Scope  -selected  {  }
gui_sim_continue  
gui_list_select -id Hier.1 -current_item_name FIFO_TB -current_item_type Scope  -selected  { FIFO_TB   }
gui_list_select -id Hier.1 -current_item_name FIFO_TB.dut -current_item_type Scope  -selected  { FIFO_TB.dut   }
gui_list_select -id Hier.1 -current_item_name FIFO_TB -current_item_type Scope  -selected  { FIFO_TB   }
gui_list_show_data -select -id  Hier.1   FIFO_TB
gui_list_select -id Hier.1 -current_item_name FIFO_TB.dut -current_item_type Scope  -selected  { FIFO_TB.dut   }
gui_open_window Wave
gui_list_add -id Wave.1 -from Hier.1 { FIFO_TB.dut } -insertionbar
gui_wv_zoom_timerange -id  Wave.1 0 445
gui_zoom -window Wave.1 -full
gui_sim_restart
gui_set_env SIMSETUP::SIMCURRENTDIR /home/wjdgns3758/CXL_FIFO_202309/100kSV/FIFO/Wider_FIFO
gui_sim_restart
gui_marker_move -id  Wave.1 C1 48024
gui_marker_move -id  Wave.1 C1 51492
gui_zoom -window Wave.1 -full
gui_zoom -window Wave.1 -factor 0.5
gui_zoom -window Wave.1 -factor 0.5
gui_zoom -window Wave.1 -factor 0.5
gui_zoom -window Wave.1 -factor 0.5
gui_zoom -window Wave.1 -factor 0.5
gui_zoom -window Wave.1 -factor 0.5
gui_zoom -window Wave.1 -factor 0.5
gui_zoom -window Wave.1 -factor 0.5
gui_zoom -window Wave.1 -factor 0.5
gui_zoom -window Wave.1 -factor 0.5
gui_sim_restart
gui_close_window -window TopLevel.2
